Query: 'Songs for' from: Barb Schenk
Messages:
Jason Baisch [Fri, 13 May 2016 20:53:47 -0400]: 
	H293: Let there be light
	H461: Breathe upon us, Holy Spirit
	H473: O Holy Spirit, enter in
	CB1: Give me more, Lord, of Thy Spirit
	CB5: Gracious Spirit, dwell with me
	H9: God is in our presence
	H294: Love divine, all loves excelling

Jason Baisch [Sat, 7 May 2016 00:37:57 -0400]: 
	CB13: – New Living Translation
Jason Baisch [Sat, 30 Apr 2016 14:30:49 -0400]: 
	C410: Standing on the promises
	C589: Here I am, Lord
	CB3: The servant song
	CB4: Somebody
	H45: Let us sing with joyful voices
	H365: God loves us all!
	H174: Be still, my soul
Jason Baisch [Sat, 23 Apr 2016 13:36:25 -0400]: 
	C68: We praise Thee, O God, our Redeemer
	C56: To God be the Glory
	H18: I sing the mighty power of God
	H2: All creatures of our God and King
	H29: Worthy of worship
	H55: O worship the King
	H14: Holy, Holy, Holy



Jason Baisch [Sat, 9 Apr 2016 15:29:52 -0400]: 
	CB1: Fully Trusting
	CB2: The living word
	H247: Just as God leads me
	H174: Be still my soul
	H149: Seek ye first
	H182: God will take care of you
	H85: I do not ask for earthly store
	H200: Make no plans without the Lord
Jason Baisch [Sat, 9 Apr 2016 15:14:30 -0400]: 
	CB13: – New Living Translation


Jason Baisch [Tue, 5 Apr 2016 18:18:05 -0400]: 
	CB13: – New Living Translation

Jason Baisch [Fri, 1 Apr 2016 23:57:32 -0400]: 
	CB1: More like the Master
	CB2: Make me purer
	H376: I praise God’s love in adoration
	CB4: Christ liveth in me
	C244: Come, Thou long expected Jesus
	H243: Have Thine own way, Lord
	H99: More holiness give me
Jason Baisch [Tue, 29 Mar 2016 13:15:29 -0400]: 
	CB13: – New Living Translation
Jason Baisch [Sat, 26 Mar 2016 19:15:51 -0400]: 
	CB1: See, what a morning OR Worship Christ, the risen King
	H514: ringing
	H506: Alleluia, alleluia! Hearts to heaven
	H92: In Christ alone
	H118: Your wisdom, Lord, awake in me
	H466: Holy Spirit, living Breath of God
Jason Baisch [Sat, 26 Mar 2016 10:18:37 -0400]: 
	CB1: See, what a morning OR Worship Christ, the risen King
	H514: ringing
	H506: Alleluia, alleluia! Hearts to heaven
	H92: In Christ alone
	H118: Your wisdom, Lord, awake in me
	H466: Holy Spirit, living Breath of God

Jason Baisch [Thu, 24 Mar 2016 01:03:19 -0400]: 
	CB1: See, what a morning OR Worship Christ, the risen King
	H514: ringing
	H506: Alleluia, alleluia! Hearts to heaven
	H92: In Christ alone
	H118: Your wisdom, Lord, awake in me
	H466: Holy Spirit, living Breath of God
Jason Baisch [Fri, 18 Mar 2016 14:46:12 -0400]: 
	H529: Zion’s daughter, O be glad!
	H409: Gath’ring homeward, you pilgrims
	C12: Praise Him!  Praise Him!
	C300: All glory, laud, and honor
	H466: Holy Spirit, living Breath of God
	H461: Breathe upon us, Holy Spirit
	H529: Zion’s daughter, O be glad!
	H409: Gath’ring homeward, you pilgrims
	C12: Praise Him!  Praise Him!
	C300: All glory, laud, and honor
	H466: Holy Spirit, living Breath of God
	H461: Breathe upon us, Holy Spirit
	CB1: See, what a morning OR Worship Christ, the risen King
	H514: ringing
	H506: Alleluia, alleluia! Hearts to heaven
	H92: In Christ alone
	H118: Your wisdom, Lord, awake in me
	H466: Holy Spirit, living Breath of God
Jason Baisch [Sun, 6 Mar 2016 22:54:06 -0500]: 
	H529: Zion’s daughter, O be glad!
	H409: Gath’ring homeward, you pilgrims
	C12: Praise Him! Praise Him!
	C300: All glory, laud, and honor
	H466: Holy Spirit, living Breath of God
	H461: Breathe upon us, Holy Spirit
	CB1: How can I forget
	CB2: Were you there?
	CB3: The old rugged cross
	H317: O mighty cross
	CB1: When I survey the wondrous cross
	C302: Beneath the cross of Jesus
	H499: There is a green hill far away
	CB1: See, what a morning OR Worship Christ, the risen King
	H514: ringing
	H506: Alleluia, alleluia! Hearts to heaven
	H92: In Christ alone
	H118: Your wisdom, Lord, awake in me
	H466: Holy Spirit, living Breath of God
Jason Baisch [Fri, 4 Mar 2016 23:39:56 -0500]: 
	CB13: – New Living Translation

Jason Baisch [Sun, 28 Feb 2016 14:51:21 -0500]: 
	CB13: – New Living Translation
Jason Baisch [Fri, 5 Feb 2016 10:26:45 -0500]: 
	C461: "In remembrance of Me".
	CB13: – New Living Translation


Jason Baisch [Fri, 29 Jan 2016 01:01:01 -0500]: 
	H165: While the sun for us shines brightly
	H98: May the mind of Christ my Saviour Congregation
	CB130: Christ liveth in me
	CB159: Stepping in the light
	H402: Where charity and love prevail Congregation
	C424: The servant song
	C604: I then shall live
	H369: Help us to help each other Lord Congregation
	H314: Forgive our sins as we forgive Congregation
	H352: I’m reconciled by mercy Congregation
	CB242: We shall remain united

Jason Baisch [Sun, 24 Jan 2016 16:56:27 -0500]: 
	CB13: – New Living Translation
Jason Baisch [Sun, 24 Jan 2016 15:58:09 -0500]: 
	CB3: Holy, holy, holy
	CB297: Hosanna, Loud Hosanna
	CB300: All glory, laud and honor
	CB338: Wonderful grace of Jesus
	CB363: A wonderful Savior is Jesus
	CB545: Moment by moment
	CB586: He's got the whole world in His hands
	CB617: Near to the heart of God
	CB620: Under His wings
	CB220: Trust and Obey
	CB487: In humble guise He's nearing
	CB7: Fear not O little flock
	CB8: A heart like Thine
	CB65: The greatest goal
	CB98: Savior, lead me lest I stray
	CB255: The overcomer
	CB13: – New Living Translation



Jason Baisch [Sun, 17 Jan 2016 16:26:53 -0500]: 
	CB13: – New Living Translation

Jason Baisch [Sun, 17 Jan 2016 15:59:07 -0500]: 
	CB11: God the all powerful
	CB75: blessed assurance
Jason Baisch [Sun, 17 Jan 2016 10:19:32 -0500]: 
	CB11: God the all powerful
	CB75: blessed assurance




Jason Baisch [Fri, 8 Jan 2016 14:29:48 -0500]: 
	CB13: – New Living Translation

Jason Baisch [Fri, 8 Jan 2016 01:25:47 -0500]: 
	CB13: – New Living Translation
Jason Baisch [Thu, 24 Dec 2015 11:22:07 -0500]: 
	H530: O come, all ye faithful
	H541: Glorious Light
	CB3: Jesus, name above all names/Fairest Lord Jesus
	H543: Good Christian friends, rejoice
	C289: Adoration
	H92: In Christ alone
	C240: Of the Father’s love begotten
	H544: Hark! The herald angels sing
	H537: Come, gather, ye children
	H556: O what peace and what rejoicing
	H548: Joy to the world
Jason Baisch [Sat, 5 Dec 2015 12:54:17 -0500]: 
	H529: Zion’s daughter
	H434: When He cometh
	H541: Glorious light
	H56: Praise our God with joyful singing
	H424: The bride has waited, O so long
	H425: The Bridegroom comes
	C563: Open my eyes that I may see
	H75: Blessed assurance
	H417: O Son of God we wait for Thee
	CB77: We thank Thee
	H308: Whosoever heareth
	H344: A river keeps the pastures green
	H548: Joy to the world
Jason Baisch [Wed, 2 Dec 2015 19:56:06 -0500]: 
	CB6: December:  This coming Sunday we will have a very
	CB14: December:  Noel will be with us to work on Christmas songs.
	CB3: January:  Our next rehearsal after that will be either the
	CB13: – New Living Translation
Jason Baisch [Mon, 30 Nov 2015 13:58:13 -0500]: 
	CB13: – New Living Translation
Jason Baisch [Sat, 21 Nov 2015 17:29:29 -0500]: 
	C542: My Life is in you Lord
	C788: Now Thank we all our God
	C789: In all things give him thanks
	C790: We gather together
	C159: Great are you Lord
	H54: O that I had a thousand voices
	H7: Father God
	C158: Think about his love
	C793: For the Beauty of the Earth
	H267: A sparkling stream
	H66: To God be the glory
	C809: God of our Fathers
Jason Baisch [Sat, 14 Nov 2015 10:07:26 -0500]: 
	H189: I'm the child of a King
	CB230: Jesus through apostles leads us
	CB231: Blest & Holy
	H56: Praise our God with joyful singing
	H100: O Thou Great God
	CB75: Lord, perfect us
	H376: I praise God's love in adoration
	H371: How Blessed and Glorious with Jesus
Jason Baisch [Sat, 14 Nov 2015 09:54:08 -0500]: 
	CB13: – New Living Translation
Jason Baisch [Fri, 13 Nov 2015 18:30:10 -0500]: 
	CB18: November, at
	CB13: – New Living Translation
Jason Baisch [Sat, 7 Nov 2015 19:13:30 -0500]: 
	C604: I then shall live
	H9: God is in our presence
	CB164: Follow the Lord, in His anointed
	CB261: The many mansions
	H94: Jesus, Thou are our salvation
	H220: Trust and obey
	H377: In Christ there is no east or west
	H585: Blest be the ties that bind
	H352: I’m reconciled by mercy
	H308: Whosoever heareth
	H425: The Bridegroom comes
Jason Baisch [Sat, 7 Nov 2015 19:11:21 -0500]: 
	C604: I then shall live
	H9: God is in our presence
	CB164: Follow the Lord, in His anointed
	CB261: The many mansions
	H94: Jesus, Thou art our salvation
	H220: Trust and obey
	H377: In Christ there is no east or west
	H585: Blest be the ties that bind
	H352: I’m reconciled by mercy
	H308: Whosoever heareth
	H425: The Bridegroom comes
Jason Baisch [Sat, 7 Nov 2015 18:49:13 -0500]: 
	C604: I then shall live
	H9: God is in our presence
	CB164: Follow the Lord, in His anointed
	CB261: The many mansions
	H94: Jesus, Thou are our salvation
	H220: Trust and obey
	H377: In Christ there is no east or west
	H585: Blest be the ties that bind
	H352: I’m reconciled by mercy
	H308: Whosoever heareth
	H425: The Bridegroom comes
Jason Baisch [Sat, 31 Oct 2015 11:02:28 -0400]: 
	H355: O, how blessed are the people
	CB273: Let everyone that thirsteth
	CB128: How can I forget
	CB92: O, come to God’s altar
	H120: Arise, and let us hasten
	H149: Seek ye first
	H365: Come, everyone and join our song
	CB17: Come now, O soul, to the city of God
	CB31: I know of a dear little chapel
	CB274: Solo – Soul be silent
	H270: Bethesda is open
	CB53: The yoke of sin is broken
Jason Baisch [Sat, 10 Oct 2015 20:46:18 -0400]: 
	H148: Rise, my soul, gird thee with power
	H186: I know whom I have believed
	H371: How blessed and glorious with Jesus
	H386: O love, the golden sunshine bright
	H66: To God be the glory
	H238: Dear Lord, I give completely
	H150: So much to learn remains for every soul
	H297: Hosanna, loud hosanna
	H376: I praise God's love in adoration
	H396: The love of God
	H425: The Bridegroom comes
Jason Baisch [Sat, 10 Oct 2015 00:25:12 -0400]: 
	H148: Rise, my soul, gird thee with power
	H186: I know whom I have believed
	H371: How blessed and glorious with Jesus
	H386: O love, the golden sunshine bright
	H66: To God be the glory
	H238: Dear Lord, I give completely
	H150: So much to learn remains for every soul
	H297: Hosanna, loud hosanna
	H376: I praise God's love in adoration
	H396: The love of God
	H425: The Bridegroom comes
Jason Baisch [Mon, 5 Oct 2015 10:42:51 -0400]: 
	CB13: – New Living Translation
Jason Baisch [Sun, 4 Oct 2015 18:28:11 -0400]: 
	CB13: – New Living Translation
Jason Baisch [Sat, 3 Oct 2015 00:43:40 -0400]: 
	H18: I sing the mighty power of God
	H44: Let all things now living
	H165: While the sun for us shines brightly
	CB4: Song not used for opening
	H120: Arise and let us hasten
	H114: We cannot but be speaking
	H66: To God be the glory
	CB3: Song not used for opening
	H363: A wonderful Savior is Jesus
	H319: I know of something precious
	H2: All creatures of our God and King
Jason Baisch [Sat, 3 Oct 2015 00:37:15 -0400]: 
	H44: Let all things now living
	H120: Arise and let us hasten
	H66: To God be the glory
	H363: A wonderful Savior is Jesus Commune
	CB13: – New Living Translation
Jason Baisch [Sat, 26 Sep 2015 17:14:38 -0400]: 
	CB142: thy will be done is on the list twice
Jason Baisch [Fri, 25 Sep 2015 22:49:49 -0400]: 
	CB13: – New Living Translation

Jason Baisch [Fri, 18 Sep 2015 20:00:22 -0400]: 
	C605: is new, and rehearsal is not until after service, so not sure that it
	CB13: – New Living Translation

Jason Baisch [Sat, 5 Sep 2015 09:38:46 -0400]: 
	CB57: This glorious Sunday morning
	CB44: Let all things now living
	CB376: I praise God's love in adoration
	CB2: All creatures of our God and King
	CB66: To God be the glory
	CB54: O that I had a thousand voices
	CB149: Seek ye first the kingdom of God
	CB33: All people that on earth do dwell
	CB110: Thee will I love
	CB538: Fairest Lord Jesus
	CB21: O God beyond all praising
	CB13: – New Living Translation
Jason Baisch [Mon, 31 Aug 2015 13:10:19 -0700]: 
	CB3: am eastern time is only midnight on the west coast
Jason Baisch [Sun, 30 Aug 2015 00:09:21 -0700]: 
	CB13: – New Living Translation

Jason Baisch [Fri, 21 Aug 2015 22:34:18 -0400]: 
	CB13: – New Living Translation
Jason Baisch [Mon, 20 Jul 2015 12:00:19 -0400]: 
	CB13: – New Living Translation

Jason Baisch [Sun, 12 Jul 2015 02:41:40 -0400]: 
	CB13: – New Living Translation
Jason Baisch [Sun, 12 Jul 2015 02:30:25 -0400]: 
	H200: in choir book:  Make no plans without the Lord
	H172: A mighty fortress is our God
	CB13: – New Living Translation
Jason Baisch [Thu, 2 Jul 2015 23:09:07 -0400]: 
	H2: All creatures of our God and King
	H329: Jesus what a Friend for sinners
	H301: See who's standing at your door
	H401: Where charity and love prevail
	CB128: How can I forget?
	H158: The time of grace redeem today
	CB288: Lord, at Thy throne of grace
	H84: I am Thine, O Lord
	H335: The great Physician
	CB345: Beautiful, glorious moment
	H311: Amazing grace
	C604: I then shall live
	CB13: – New Living Translation
Jason Baisch [Mon, 29 Jun 2015 20:07:55 -0400]: 
	CB294: Nearer   Before service
	CB3: Just before service
	CB17: Come now O soul to the city of God  If needed,
	CB42: In the hollow of God's hand  After service if needed
	CB285: After
	CB66: Be consoled ye redeemed of the Lord
	CB275: Come to the fount of life
	CB182: God will take care of you
	CB214: There is a land which lies afar
Jason Baisch [Sat, 20 Jun 2015 10:37:24 -0400]: 
	H328: Jesus sinners does receive
	CB106: The Lord is my Shepherd
	CB7: Fear not O little flock
	H259: Savior, like a Shepherd lead us
	CB196: I am the way
	H307: Welcome to the fount of mercy
	H364: Behold, O how pleasant
	H96: Lord, my Savior and my Shepherd
	H399: We have a gentle Shepherd
	H379: Into pastures green and fair
	CB173: I will praise Thee
	CB13: – New Living Translation
Jason Baisch [Sat, 20 Jun 2015 10:33:26 -0400]: 
	H108: The Father's house is our delight
	CB13: – New Living Translation
Jason Baisch [Wed, 17 Jun 2015 13:19:43 -0400]: 
	CB13: – New Living Translation

Jason Baisch [Sat, 23 May 2015 18:56:19 -0400]: 
	CB13: New Living Translation

Jason Baisch [Sat, 16 May 2015 12:39:18 -0400]: 
	CB13: New Living Translation
Jason Baisch [Sat, 16 May 2015 12:23:51 -0400]: 
	H147: Pass it on
	H70: We Praise Thee Lord
	H133: Here I am, Lord
	H104: Praise I will praise You, Lord
	H176: Commit your way, confiding
	H276: Come to the Savior
	CB13: New Living Translation
Jason Baisch [Sat, 16 May 2015 12:11:45 -0400]: 
	CB13: New Living Translation


{"mimeType": "text/plain", "headers": [{"name": "Delivered-To", "value": "jonathan.jawhite@gmail.com"}, {"name": "Received", "value": "by 10.140.176.16 with SMTP id w16csp1632464qhw;        Thu, 14 May 2015 16:44:16 -0700 (PDT)"}, {"name": "X-Received", "value": "by 10.68.91.197 with SMTP id cg5mr12904577pbb.26.1431647055821;        Thu, 14 May 2015 16:44:15 -0700 (PDT)"}, {"name": "Return-Path", "value": "<3TzNVVSIUALo67588B997E5.6E6998EB7C5.eWIXCmiahwy2y.0tnhj.lttlqj.htr@grandcentral.bounces.google.com>"}, {"name": "Received", "value": "from mail-pa0-x24a.google.com (mail-pa0-x24a.google.com. [2607:f8b0:400e:c03::24a])        by mx.google.com with ESMTPS id b1si28204836pat.100.2015.05.14.16.44.15        for <jonathan.jawhite@gmail.com>        (version=TLSv1.2 cipher=ECDHE-RSA-AES128-GCM-SHA256 bits=128/128);        Thu, 14 May 2015 16:44:15 -0700 (PDT)"}, {"name": "Received-SPF", "value": "pass (google.com: domain of 3TzNVVSIUALo67588B997E5.6E6998EB7C5.eWIXCmiahwy2y.0tnhj.lttlqj.htr@grandcentral.bounces.google.com designates 2607:f8b0:400e:c03::24a as permitted sender) client-ip=2607:f8b0:400e:c03::24a;"}, {"name": "Authentication-Results", "value": "mx.google.com;       spf=pass (google.com: domain of 3TzNVVSIUALo67588B997E5.6E6998EB7C5.eWIXCmiahwy2y.0tnhj.lttlqj.htr@grandcentral.bounces.google.com designates 2607:f8b0:400e:c03::24a as permitted sender) smtp.mail=3TzNVVSIUALo67588B997E5.6E6998EB7C5.eWIXCmiahwy2y.0tnhj.lttlqj.htr@grandcentral.bounces.google.com;       dkim=pass header.i=@google.com;       dmarc=pass (p=REJECT dis=NONE) header.from=google.com"}, {"name": "Received", "value": "by mail-pa0-x24a.google.com with SMTP id li10so6537391pab.1        for <jonathan.jawhite@gmail.com>; Thu, 14 May 2015 16:44:15 -0700 (PDT)"}, {"name": "DKIM-Signature", "value": "v=1; a=rsa-sha256; c=relaxed/relaxed;        d=google.com; s=20120113;        h=mime-version:references:message-id:date:subject:from:to         :content-type;        bh=Bztkboc4iUbkApDTl2dOgoH5/dts5yhjRNi0ej1HI7Y=;        b=CyFg2uGJA35e3AlVc2Dh73tXbMolpQwqIvr92RhTtUXAheifzoRcm7wlDht7yFiSF3         3GqiLj9+JTbLzrXiiqsKGPk39DbGrhsH0iaOh2Yw2uWZNOnHSzylTsNdLTkN2nGplzCC         MbM8MkO3diFJ8ANnG61J6L2eRJ+NV6NSNYb13UXUgTdtLIKNPydL446XkSHpMlycBENj         pNzEnM8W7htsEstrM3/GbXYde7WpEdp61scJKJRD0X03/9g5HHisEKwt2DoZbU+HqS0Y         fjYYM/9HqiDvi8UCTTPInR/6m6pm15TrjtZsvjAAOEudmOFlVPrw3Gjdnb7m7PEtV+4E         aBxg=="}, {"name": "MIME-Version", "value": "1.0"}, {"name": "X-Received", "value": "by 10.66.66.163 with SMTP id g3mr8675777pat.41.1431647055458; Thu, 14 May 2015 16:44:15 -0700 (PDT)"}, {"name": "References", "value": "<+12033644290.@txt.voice.google.com>"}, {"name": "Message-ID", "value": "<+12033644290.3a8abd62790fcdc7137bf4acfe56e888c51015e2@txt.voice.google.com>"}, {"name": "Date", "value": "Thu, 14 May 2015 23:44:15 +0000"}, {"name": "Subject", "value": "SMS from Barb Schenk [(914) 439-6270]"}, {"name": "From", "value": "\"Barb Schenk (SMS)\" <12033644290.19144396270.ZRDS7hdVcr@txt.voice.google.com>"}, {"name": "To", "value": "jonathan.jawhite@gmail.com"}, {"name": "Content-Type", "value": "text/plain; charset=UTF-8; format=flowed; delsp=yes"}], "body": {"data": "aGV5IGpvbiAtIGkgd29uJ3QgbWFrZSBpdCB0byBzdmMuIGN1ZCB5b3UgbWFrZSBzdXJlIHNvbWVvbmUgcG9zdHMgJiAgDQphbm5vdW5jZXMgdGhlIHNvbmdzPyBpIHNlbnQgYW4gZW1haWwgQDc6MDAgYnV0IGRvbid0IGtub3cgaWYgcHBsIGhhZCB0aW1lICANCnRvIGNoZWNrIGl0LiB0aHghDQo=", "size": 167}, "partId": "", "filename": ""}
{"mimeType": "text/plain", "headers": [{"name": "Delivered-To", "value": "jonathan.jawhite@gmail.com"}, {"name": "Received", "value": "by 10.140.176.16 with SMTP id w16csp1632464qhw;        Thu, 14 May 2015 16:44:16 -0700 (PDT)"}, {"name": "X-Received", "value": "by 10.68.91.197 with SMTP id cg5mr12904577pbb.26.1431647055821;        Thu, 14 May 2015 16:44:15 -0700 (PDT)"}, {"name": "Return-Path", "value": "<3TzNVVSIUALo67588B997E5.6E6998EB7C5.eWIXCmiahwy2y.0tnhj.lttlqj.htr@grandcentral.bounces.google.com>"}, {"name": "Received", "value": "from mail-pa0-x24a.google.com (mail-pa0-x24a.google.com. [2607:f8b0:400e:c03::24a])        by mx.google.com with ESMTPS id b1si28204836pat.100.2015.05.14.16.44.15        for <jonathan.jawhite@gmail.com>        (version=TLSv1.2 cipher=ECDHE-RSA-AES128-GCM-SHA256 bits=128/128);        Thu, 14 May 2015 16:44:15 -0700 (PDT)"}, {"name": "Received-SPF", "value": "pass (google.com: domain of 3TzNVVSIUALo67588B997E5.6E6998EB7C5.eWIXCmiahwy2y.0tnhj.lttlqj.htr@grandcentral.bounces.google.com designates 2607:f8b0:400e:c03::24a as permitted sender) client-ip=2607:f8b0:400e:c03::24a;"}, {"name": "Authentication-Results", "value": "mx.google.com;       spf=pass (google.com: domain of 3TzNVVSIUALo67588B997E5.6E6998EB7C5.eWIXCmiahwy2y.0tnhj.lttlqj.htr@grandcentral.bounces.google.com designates 2607:f8b0:400e:c03::24a as permitted sender) smtp.mail=3TzNVVSIUALo67588B997E5.6E6998EB7C5.eWIXCmiahwy2y.0tnhj.lttlqj.htr@grandcentral.bounces.google.com;       dkim=pass header.i=@google.com;       dmarc=pass (p=REJECT dis=NONE) header.from=google.com"}, {"name": "Received", "value": "by mail-pa0-x24a.google.com with SMTP id li10so6537391pab.1        for <jonathan.jawhite@gmail.com>; Thu, 14 May 2015 16:44:15 -0700 (PDT)"}, {"name": "DKIM-Signature", "value": "v=1; a=rsa-sha256; c=relaxed/relaxed;        d=google.com; s=20120113;        h=mime-version:references:message-id:date:subject:from:to         :content-type;        bh=Bztkboc4iUbkApDTl2dOgoH5/dts5yhjRNi0ej1HI7Y=;        b=CyFg2uGJA35e3AlVc2Dh73tXbMolpQwqIvr92RhTtUXAheifzoRcm7wlDht7yFiSF3         3GqiLj9+JTbLzrXiiqsKGPk39DbGrhsH0iaOh2Yw2uWZNOnHSzylTsNdLTkN2nGplzCC         MbM8MkO3diFJ8ANnG61J6L2eRJ+NV6NSNYb13UXUgTdtLIKNPydL446XkSHpMlycBENj         pNzEnM8W7htsEstrM3/GbXYde7WpEdp61scJKJRD0X03/9g5HHisEKwt2DoZbU+HqS0Y         fjYYM/9HqiDvi8UCTTPInR/6m6pm15TrjtZsvjAAOEudmOFlVPrw3Gjdnb7m7PEtV+4E         aBxg=="}, {"name": "MIME-Version", "value": "1.0"}, {"name": "X-Received", "value": "by 10.66.66.163 with SMTP id g3mr8675777pat.41.1431647055458; Thu, 14 May 2015 16:44:15 -0700 (PDT)"}, {"name": "References", "value": "<+12033644290.@txt.voice.google.com>"}, {"name": "Message-ID", "value": "<+12033644290.3a8abd62790fcdc7137bf4acfe56e888c51015e2@txt.voice.google.com>"}, {"name": "Date", "value": "Thu, 14 May 2015 23:44:15 +0000"}, {"name": "Subject", "value": "SMS from Barb Schenk [(914) 439-6270]"}, {"name": "From", "value": "\"Barb Schenk (SMS)\" <12033644290.19144396270.ZRDS7hdVcr@txt.voice.google.com>"}, {"name": "To", "value": "jonathan.jawhite@gmail.com"}, {"name": "Content-Type", "value": "text/plain; charset=UTF-8; format=flowed; delsp=yes"}], "body": {"data": "aGV5IGpvbiAtIGkgd29uJ3QgbWFrZSBpdCB0byBzdmMuIGN1ZCB5b3UgbWFrZSBzdXJlIHNvbWVvbmUgcG9zdHMgJiAgDQphbm5vdW5jZXMgdGhlIHNvbmdzPyBpIHNlbnQgYW4gZW1haWwgQDc6MDAgYnV0IGRvbid0IGtub3cgaWYgcHBsIGhhZCB0aW1lICANCnRvIGNoZWNrIGl0LiB0aHghDQo=", "size": 167}, "partId": "", "filename": ""}

Jason Baisch [Thu, 14 May 2015 19:06:13 -0400]: 
	CB13: New Living Translation
Jason Baisch [Thu, 14 May 2015 00:29:25 -0400]: 
	H126: Give me courage, Lord, to say Your name
	H389: On the mount of bliss ascending
	H81: Heav'nward still our path ascends
	H114: We cannot but be speaking
	H459: On your ascension, Lord, alone
	H406: Come, ye that love the Lord
	H425: The Bridegroom comes
	CB13: New Living Translation
	CB13: New Living Translation
Jason Baisch [Thu, 14 May 2015 00:21:40 -0400]: 
	H459: On your ascension, Lord, alone Communion
	CB13: New Living Translation


Jason Baisch [Sat, 2 May 2015 17:09:53 -0400]: 
	C404: Faith of our Fathers
	CB2: A fount of love
	CB113: Fully trusting
	CB92: O come to God's altar
	CB31: I know of a dear little chapel
	H310: Wonderful words of life
	H185: How firm a foundation
	CB77: We thank Thee
	H186: I know Whom I have believed
	CB2: A fount of love
	H325: I've found a place I love so well
	H344: A river keeps the pastures green
	H283: Hark the gospel bells are ringing
Jason Baisch [Wed, 29 Apr 2015 13:28:57 -0400]: 
	CB2: song suggestions.  (And of course the first one that jumped into my
	CB13: New Living Translation
Jason Baisch [Sat, 25 Apr 2015 00:25:31 -0400]: 
	C410: Standing on the promises
	C624: His eye is on the sparrow
	C620: Under His wings
	C712: Be still, my soul
	CB7: Fear not, O little flock
	H127: Give me joy in my heart
	H198: Light after darkness
	H416: No night there
	CB172: My God and my All
	H331: O boundless joy, there is salvation!
	H192: I've found a joy in sorrow
	CB197: Our hearts sing with joy
Query: 'Songs for' from: Jason Baisch
Messages:

Jason Baisch [Fri, 6 May 2016 18:42:01 -0400]: 
	CB282: One in Spirit Living
	CB27: Give me more Lord, Of thy spirit
	H128: Give of your best to the Master
	H85: I do not ask for earthly store
	H473: O Holy Spirit, enter in
	C591: Have thine own way lord
	C389: Spirit of the living God
	CB266: Gracious Spirit Dwell with me
	H466: Holy Spirit
	H273: Come in, O Lord, come in!
	H461: Breathe upon us holy spirit
	H45: Let us sing with joyful voices
Jason Baisch [Sat, 16 Apr 2016 10:03:41 -0400]: 
	H47: Majesty
	H133: Here I am , Lord
	CB8: A heart like thine
	CB16: Angry words! O let them never
	H314: Forgive our sins as we forgive
	CB19: Did you think to pray
	C604: I then Shall Live
	H402: Where charity and love prevail
	H491: He gave His life
	H345: Beautiful, glorious moment
Jason Baisch [Sat, 19 Mar 2016 12:06:46 -0400]: 
	H529: Zion’s daughter, O be glad!
	H409: Gath’ring homeward, you pilgrims
	C12: Praise Him!  Praise Him!
	C300: All glory, laud, and honor
	H466: Holy Spirit, living Breath of God
	H461: Breathe upon us, Holy Spirit
	H529: Zion’s daughter, O be glad!
	H409: Gath’ring homeward, you pilgrims
	C12: Praise Him!  Praise Him!
	C300: All glory, laud, and honor
	H466: Holy Spirit, living Breath of God
	H461: Breathe upon us, Holy Spirit
	CB1: See, what a morning OR Worship Christ, the risen King
	H514: ringing
	H506: Alleluia, alleluia! Hearts to heaven
	H92: In Christ alone
	H118: Your wisdom, Lord, awake in me
	H466: Holy Spirit, living Breath of God
Jason Baisch [Sat, 12 Mar 2016 09:35:09 -0500]: 
	CB153: Singing with grace to the Lord
	CB273: Let every on that thirsteth
	CB109: My song shall be of Jesus
	CB149: O glorious fountain
	H66: To God be the glory
	C583: You Are My All in All
	CB92: O come to God's altar
	C680: All the Way My Saviour Leads Me
	CB277: Come, for the feast is spread
	H347: Come Share the Lord
	CB5: Praise ye the Lord
Jason Baisch [Sat, 5 Mar 2016 09:31:27 -0500]: 
	CB29: How glad I am, how well for me
	H280: Glorious, Glorious, is the work of God
	H133: v ALL
	H311: Amazing Grace
	H352: I'm Reconciled by Mercy
	C431: Shine, Jesus, Shine
Jason Baisch [Sat, 20 Feb 2016 21:50:23 -0500]: 
	CB22: Sweet peace, the gift of God's love
	CB282: One in Spirit, living
	C12: Praise Him! Praise Him!
	H85: I do not ask for earthly store
	C431: Shine, Jesus, Shine
	H365: Come, everyone, and join our song
	H150: So much to learn remains for ev'ry soul
	H342: Host and King of grace
	H84: I am Thine, O Lord
	H69: We thank thee then o Father
Jason Baisch [Mon, 1 Feb 2016 19:21:28 -0500]: 
	H181: God of our fathers
	CB148: Who will follow Jesus
	H262: Take Thou my hand and lead me
	C566: I am Resolved
	CB158: Stepping in the light
	CB247: Just as God leads me


Jason Baisch [Sat, 23 Jan 2016 09:03:25 -0500]: 
	C617: Near to the Heart of God
	C586: He's Got the Whole World in His Hands
	C571: Trust and Obey
	CB255: The overcomer
	H75: Blessed assurance, Jesus is mine
	C545: Moment by Moment
	C620: Under His Wings
	H400: When peace with the Father
	H363: A wonderful Saviour is Jesus
	H45: Let us sign with joyful voices
Jason Baisch [Sat, 26 Dec 2015 12:52:54 -0500]: 
	CB15: Father of our Fathers
	C141: Father God
	C690: He Leadeth Me
	C158: Think about his love
	C159: Great are you Lord
	H56: Praise our God with joyful singing
	H238: Dear Lord, I give completely
	C639: Dear Lord and Father of Mankind
	C287: A Communion Hymn for Christmas
	H91: I will sing of my redeemer
	H15: How Great thou Art
Jason Baisch [Wed, 9 Dec 2015 09:42:33 -0500]: 
	H556: O What Peach and What Rejoicing
	H552: O Little Town of Bethlehem
	H544: Hark the Herald Angels Sing
	H555: O Thou Joyful Christmastide
	H538: Fairest Lord Jesus
	C153: Worthy of Worship
	CB106: The Lord is my Shepherd
	C389: Spirit of the Living God
	H548: Joy to the World
	H92: In Christ Alone
	C86: Jesus name above all names (new
	C292: Thou didst leave Thy throne
	C287: Communion Hymn
	C279: Infant holy, Infant lowly
	C254: Isn't He
	C240: Of the Father's love begotten
	C280: One small child
	C263: What can I give Him
	C267: I head the bells
	C256: Love has come
	H540: Gentle Mary laid her child
	H1: All glory be to God on high
Jason Baisch [Sun, 22 Nov 2015 08:48:03 -0500]: 
	H54: O that I had a thousand voices
	H267: A sparkling stream
	H66: To God be the glory
Jason Baisch [Tue, 17 Nov 2015 09:10:18 -0500]: 
	C542: My Life is in you Lord
	C788: Now Thank we all our God
	C789: In all things give him thanks
	C790: We gather together
	C159: Great are you Lord
	H54: O that I had a thousand voices
	H7: Father God
	C158: Think about his love
	C793: For the Beauty of the Earth
	H267: A sparkling stream
	H66: To God be the glory
	C809: God of our Fathers

Jason Baisch [Sat, 14 Nov 2015 09:30:04 -0500]: 
	H189: I'm the child of a King
	CB230: Jesus through apostles leads us
	CB231: Blest & Holy
	H56: Praise our God with joyful singing
	H100: O Thou Great God
	CB75: Lord, perfect us
	H376: I praise God's love in adoration
	H371: How Blessed and Glorious with Jesus

Jason Baisch [Fri, 23 Oct 2015 20:52:50 -0400]: 
	H278: For you I am praying
	H277: Come, for the feast is spread
	H311: Amazing Grace
	CB31: I know of a dear little chapel
	C431: Shine Jesus Shine
	H147: Pass it on
	C669: Make me a servant
	C344: Grace Greater than our sin
	C338: Wonderful Grace of Jesus
Jason Baisch [Sat, 17 Oct 2015 19:12:50 -0400]: 
	H56: Praise our God with joyful singing
	H313: Endless Compassion
	H400: When peace with the Father
	H29: Worthy of worship
	H153: Striving onward, pressing forward
	H168: Yield not to temptation
	H226: What a Friend we have in Jesus
	C734: Be Strong in the Lord
	C389: Spirit of the Living God
	C692: God will take care of you
	C789: In All Things Give Him Thanks



Jason Baisch [Fri, 25 Sep 2015 23:58:16 -0400]: 
	C631: The Lord’s Prayer
	C734: Be strong in the Lord
	CB1: All glory be to God on high
	CB142: Thy will be done
	H466: Holy Spirit
	H247: Just as God leads me
	H243: Have Thine own way, Lord
	CB142: Thy will be done
	H84: I do not ask for earthly store
	C690: He Leadeth Me
	H360: What joy ‘tis redeemed to be
	H408: Forth, forth, my heart, to heaven




Jason Baisch [Fri, 18 Sep 2015 16:13:05 -0400]: 
	H45: Let us sing with joyful voices
	H120: Arise and let us hasten
	CB31: I know of a dear little chapel
	CB153: Singing with grace to the Lord
	CB88: True hearted, whole hearted
	CB241: AT the living altar
	CB59: On rock that stands forever
	H147: Pass it on
	C605: Living for Jesus
	H308: Whosoever heareth
	H267: A Sparkling Stream
	H278: For you I am praying




Jason Baisch [Sat, 29 Aug 2015 20:44:08 -0400]: 
	CB135: Tis the blessed hour of prayer
	CB161: Never Give up
	H99: More Holiness Give Me
	H108: The Father's House is our Delight
	H176: Commit your way, confiding
	C640: Sweet Hour of Prayer
	H363: A wonderful Saviour is Jesus


Jason Baisch [Sun, 26 Jul 2015 00:09:43 -0400]: 
	H366: Dear Brothers and Dear Sisters
	H157: The Servant song
	H133: Here I am Lord
	H339: What a sea of grace
	H385: O how precious are the moments
	H207: Safely Faith through life
	H165: While the sun for us shines brightly
	C604: I then shall live
	CB19: Did you think to pray
	C669: Make me a servant
	H27: We gather together


Jason Baisch [Sat, 18 Jul 2015 11:39:55 -0400]: 
	H45: Let us sing with joyful voices
	H20: Joyful, Joyful we adore thee
	H89: I want to be like Jesus
	H356: Purest fount of love is flowing
	CB37: Make me purer
	CB16: Angry words! O let them never
	H45: Let us sing with joyful voices
	H20: Joyful, Joyful we adore thee
	H466: Holy Spirit
	C563: Open my eyes that I may see
	CB8: A heart like thine
	CB242: We shall remain united
{"mimeType": "text/plain", "headers": [{"name": "Delivered-To", "value": "jonathan.jawhite@gmail.com"}, {"name": "Received", "value": "by 10.76.170.167 with SMTP id an7csp749204oac;        Sat, 11 Jul 2015 20:12:06 -0700 (PDT)"}, {"name": "X-Received", "value": "by 10.50.8.68 with SMTP id p4mr6321064iga.4.1436670726171;        Sat, 11 Jul 2015 20:12:06 -0700 (PDT)"}, {"name": "Return-Path", "value": "<jason.baisch@gmail.com>"}, {"name": "Received", "value": "from mail-ig0-x235.google.com (mail-ig0-x235.google.com. [2607:f8b0:4001:c05::235])        by mx.google.com with ESMTPS id ek2si11138090icb.29.2015.07.11.20.12.05        (version=TLSv1.2 cipher=ECDHE-RSA-AES128-GCM-SHA256 bits=128/128);        Sat, 11 Jul 2015 20:12:06 -0700 (PDT)"}, {"name": "Received-SPF", "value": "pass (google.com: domain of jason.baisch@gmail.com designates 2607:f8b0:4001:c05::235 as permitted sender) client-ip=2607:f8b0:4001:c05::235;"}, {"name": "Authentication-Results", "value": "mx.google.com;       spf=pass (google.com: domain of jason.baisch@gmail.com designates 2607:f8b0:4001:c05::235 as permitted sender) smtp.mail=jason.baisch@gmail.com;       dkim=pass header.i=@gmail.com;       dmarc=pass (p=NONE dis=NONE) header.from=gmail.com"}, {"name": "Received", "value": "by mail-ig0-x235.google.com with SMTP id y18so36802315igp.0;        Sat, 11 Jul 2015 20:12:05 -0700 (PDT)"}, {"name": "DKIM-Signature", "value": "v=1; a=rsa-sha256; c=relaxed/relaxed;        d=gmail.com; s=20120113;        h=subject:from:content-type:message-id:date:to         :content-transfer-encoding:mime-version;        bh=RpBa++vOlrLnKqSl8uKnCvi9T2K59cr2QmTsz1ouAno=;        b=YGj+5Y4FkFjhDi2nqM8aaQjCdEpdlTzmUr70CbXs7r9ba2F27C8EtExCk4FxVul2+Q         MsWl+RaD1uUo1fwzyuOPA/7NGWRSYhpliasZVEIhxCkKgsqFt+QThjsbNPZdAjjqhmWZ         kx68KUMlClCYdDEITuAglDmahCwBYb0nnPkOrcPmRTMCh6B7zkz6EjzAPb1GiqeZrDSD         OUXRobbSpnO8qQPCN/A7KS5JJDsUeEYMRAbDHYiYscD5Fpg8y9H5LICT3MHwUkrDiEH8         ROk94li4W3w3pBgqRAG8xV5oP/BK1Rwz0b0Ut99GypoATwXBplreV+8HgiM1w3VaKa7u         bWQw=="}, {"name": "X-Received", "value": "by 10.50.117.66 with SMTP id kc2mr5515240igb.31.1436670725705;        Sat, 11 Jul 2015 20:12:05 -0700 (PDT)"}, {"name": "Return-Path", "value": "<jason.baisch@gmail.com>"}, {"name": "Received", "value": "from [100.97.145.52] (177.sub-70-194-142.myvzw.com. [70.194.142.177])        by smtp.gmail.com with ESMTPSA id p22sm9796447ioi.32.2015.07.11.20.12.04        (version=TLSv1 cipher=ECDHE-RSA-RC4-SHA bits=128/128);        Sat, 11 Jul 2015 20:12:04 -0700 (PDT)"}, {"name": "Subject", "value": "Songs for tomorrow?"}, {"name": "From", "value": "Jason Baisch <jason.baisch@gmail.com>"}, {"name": "Content-Type", "value": "text/plain; charset=us-ascii"}, {"name": "X-Mailer", "value": "iPhone Mail (12H143)"}, {"name": "Message-Id", "value": "<FBD3F692-0B3C-4806-92E5-D5D28042A762@gmail.com>"}, {"name": "Date", "value": "Sat, 11 Jul 2015 22:12:02 -0500"}, {"name": "To", "value": "Barb Schenk <barbara.ann.schenk@gmail.com>, Jonathan White <jonathan.jawhite@gmail.com>"}, {"name": "Content-Transfer-Encoding", "value": "quoted-printable"}, {"name": "Mime-Version", "value": "1.0 (1.0)"}], "body": {"data": "SGkgZ3V5cywgDQpJIGRpZG4ndCBzZWUgc29uZ3MgZm9yIHRvbW9ycm93IHdoaWNoIG1ha2VzIG1lIG5lcnZvdXMgdGhhdCBJIHdhcyBvbiB0aGUgc2NoZWR1bGUgYW5kIGZvcmdvdC4gSSBhbSBpbiBDaGljYWdvIHRoaXMgd2Vla2VuZCBmb3Igd29yayBhbmQgZG9uJ3QgaGF2ZSBhY2Nlc3MgdG8gZXZlbiBwaWNrIHNvbmdzLiBJIGFtIHNvcnJ5IGZvciB0aGUgbGFjayBvZiBub3RpY2UgaWYgSSBhbSBpbmRlZWQsIG9uIHRoZSBzY2hlZHVsZS4gSSdsbCBiZSBoYXBweSB0byBjb3ZlciBmb3IgdGhlIG5leHQgMyB5ZWFycy4uLnZlcnkgc29ycnkhISENCkphc29uDQoNClNlbnQgZnJvbSBteSBpUGhvbmU=", "size": 341}, "partId": "", "filename": ""}
{"mimeType": "text/plain", "headers": [{"name": "Delivered-To", "value": "jonathan.jawhite@gmail.com"}, {"name": "Received", "value": "by 10.76.170.167 with SMTP id an7csp749204oac;        Sat, 11 Jul 2015 20:12:06 -0700 (PDT)"}, {"name": "X-Received", "value": "by 10.50.8.68 with SMTP id p4mr6321064iga.4.1436670726171;        Sat, 11 Jul 2015 20:12:06 -0700 (PDT)"}, {"name": "Return-Path", "value": "<jason.baisch@gmail.com>"}, {"name": "Received", "value": "from mail-ig0-x235.google.com (mail-ig0-x235.google.com. [2607:f8b0:4001:c05::235])        by mx.google.com with ESMTPS id ek2si11138090icb.29.2015.07.11.20.12.05        (version=TLSv1.2 cipher=ECDHE-RSA-AES128-GCM-SHA256 bits=128/128);        Sat, 11 Jul 2015 20:12:06 -0700 (PDT)"}, {"name": "Received-SPF", "value": "pass (google.com: domain of jason.baisch@gmail.com designates 2607:f8b0:4001:c05::235 as permitted sender) client-ip=2607:f8b0:4001:c05::235;"}, {"name": "Authentication-Results", "value": "mx.google.com;       spf=pass (google.com: domain of jason.baisch@gmail.com designates 2607:f8b0:4001:c05::235 as permitted sender) smtp.mail=jason.baisch@gmail.com;       dkim=pass header.i=@gmail.com;       dmarc=pass (p=NONE dis=NONE) header.from=gmail.com"}, {"name": "Received", "value": "by mail-ig0-x235.google.com with SMTP id y18so36802315igp.0;        Sat, 11 Jul 2015 20:12:05 -0700 (PDT)"}, {"name": "DKIM-Signature", "value": "v=1; a=rsa-sha256; c=relaxed/relaxed;        d=gmail.com; s=20120113;        h=subject:from:content-type:message-id:date:to         :content-transfer-encoding:mime-version;        bh=RpBa++vOlrLnKqSl8uKnCvi9T2K59cr2QmTsz1ouAno=;        b=YGj+5Y4FkFjhDi2nqM8aaQjCdEpdlTzmUr70CbXs7r9ba2F27C8EtExCk4FxVul2+Q         MsWl+RaD1uUo1fwzyuOPA/7NGWRSYhpliasZVEIhxCkKgsqFt+QThjsbNPZdAjjqhmWZ         kx68KUMlClCYdDEITuAglDmahCwBYb0nnPkOrcPmRTMCh6B7zkz6EjzAPb1GiqeZrDSD         OUXRobbSpnO8qQPCN/A7KS5JJDsUeEYMRAbDHYiYscD5Fpg8y9H5LICT3MHwUkrDiEH8         ROk94li4W3w3pBgqRAG8xV5oP/BK1Rwz0b0Ut99GypoATwXBplreV+8HgiM1w3VaKa7u         bWQw=="}, {"name": "X-Received", "value": "by 10.50.117.66 with SMTP id kc2mr5515240igb.31.1436670725705;        Sat, 11 Jul 2015 20:12:05 -0700 (PDT)"}, {"name": "Return-Path", "value": "<jason.baisch@gmail.com>"}, {"name": "Received", "value": "from [100.97.145.52] (177.sub-70-194-142.myvzw.com. [70.194.142.177])        by smtp.gmail.com with ESMTPSA id p22sm9796447ioi.32.2015.07.11.20.12.04        (version=TLSv1 cipher=ECDHE-RSA-RC4-SHA bits=128/128);        Sat, 11 Jul 2015 20:12:04 -0700 (PDT)"}, {"name": "Subject", "value": "Songs for tomorrow?"}, {"name": "From", "value": "Jason Baisch <jason.baisch@gmail.com>"}, {"name": "Content-Type", "value": "text/plain; charset=us-ascii"}, {"name": "X-Mailer", "value": "iPhone Mail (12H143)"}, {"name": "Message-Id", "value": "<FBD3F692-0B3C-4806-92E5-D5D28042A762@gmail.com>"}, {"name": "Date", "value": "Sat, 11 Jul 2015 22:12:02 -0500"}, {"name": "To", "value": "Barb Schenk <barbara.ann.schenk@gmail.com>, Jonathan White <jonathan.jawhite@gmail.com>"}, {"name": "Content-Transfer-Encoding", "value": "quoted-printable"}, {"name": "Mime-Version", "value": "1.0 (1.0)"}], "body": {"data": "SGkgZ3V5cywgDQpJIGRpZG4ndCBzZWUgc29uZ3MgZm9yIHRvbW9ycm93IHdoaWNoIG1ha2VzIG1lIG5lcnZvdXMgdGhhdCBJIHdhcyBvbiB0aGUgc2NoZWR1bGUgYW5kIGZvcmdvdC4gSSBhbSBpbiBDaGljYWdvIHRoaXMgd2Vla2VuZCBmb3Igd29yayBhbmQgZG9uJ3QgaGF2ZSBhY2Nlc3MgdG8gZXZlbiBwaWNrIHNvbmdzLiBJIGFtIHNvcnJ5IGZvciB0aGUgbGFjayBvZiBub3RpY2UgaWYgSSBhbSBpbmRlZWQsIG9uIHRoZSBzY2hlZHVsZS4gSSdsbCBiZSBoYXBweSB0byBjb3ZlciBmb3IgdGhlIG5leHQgMyB5ZWFycy4uLnZlcnkgc29ycnkhISENCkphc29uDQoNClNlbnQgZnJvbSBteSBpUGhvbmU=", "size": 341}, "partId": "", "filename": ""}


Jason Baisch [Sun, 7 Jun 2015 00:58:24 -0400]: 
	CB253: If you in Life
	CB174: More like the master
	CB67: In the circle of our youth
	CB243: Strengthen us this day Lord Jesus
	CB148: Who will follow Jesus
	H310: Wonderful words of life
	H466: Holy Spirit
	CB293: For the Fatherhouse I'm yearning
	H308: Whosoever Heareth
	H347: Come, Share the Lord
	CB4: All life poureth
	H466: Holy Spirit
Jason Baisch [Sat, 16 May 2015 09:28:05 -0400]: 
	H147: Pass it on
	H70: We praise thee Lord
	H272: Christ whose glory fills the skies
	H133: Here I am Lord
	H104: Praise, I will praise you, Lord
	CB150: Awesome power
	CB633: Open our eyes, Lord
	H176: Commit your way, confiding
	H276: Come to the Savior
	H92: In Christ alone
	CB589: Here I am Lord
	CB555: To be like Jesus
	CB349: Oh how he loves you
	CB456: Find us faithful
	CB583: You are my all in all
	H274: Come near you are invited
	H371: How blessed and glorious with Jesus
	H307: Welcome to the fount of mercy
	CB755: We shall behold Him
	CB542: My life is in you, Lord
	CB32: Be exalted, O God
	H62: Thank ye the Lord
Jason Baisch [Sat, 4 Apr 2015 10:17:36 -0400]: 
	H147: Pass it on
	H92: In Christ Alone
	C357: Christ Arose
	H506: Alleluia, Alleluia
	C309: I will sing of my Redeemer
	H518: See, what a morning  Kristi Piano
	C789: In All things give Him thanks
	H466: Holy Spirit
	C389: Spirit of the Living God
	H66: To God be the Glory
	C459: We Remember You
	H518: See, what a morning  Kristi Piano
Jason Baisch [Mon, 23 Mar 2015 09:54:01 -0400]: 
	H147: Pass it on
	H92: In Christ Alone
	C357: Christ Arose
	H506: Alleluia, Alleluia
	H518: See, what a morning
	C309: I will sing of my Redeemer
	C789: In All things give Him thanks
	H466: Holy Spirit
	C389: Spirit of the Living God
	H66: To God be the Glory
	C583: You are my all in all
	H518: See, what a morning









Query: 'Songs for' from: Jonathan White
Messages:
Jason Baisch [Sat, 7 May 2016 05:17:05 +0000]: 
	CB13: – New Living Translation
Jason Baisch [Thu, 5 May 2016 17:26:37 -0400]: 
	H381: “Jesus, Lord, we Look to Thee”
	H434: “When He Cometh”
	CB2: “On Your Ascension, Lord, alone”
	CB2: “Gird on your Armour”
	CB6: “I hear Thy Welcome Voice”
	H329: “Jesus, What a Friend for Sinners”
	CB1: “Praise Thou the Lord”


Jason Baisch [Wed, 20 Apr 2016 12:59:31 -0400]: 
	CB2: “My Faith Looks Up to Thee”
	H112: “This be ever My Confession”
	CB2: “At the feet of Jesus”
	CB2: “Breathe on me, breath of God”
	CB2: “I hear Thy welcome voice”
	H360: “What joy 'tis redeemed to be”
	CB4: “God is in our presence”

Jason Baisch [Sat, 9 Apr 2016 19:41:26 +0000]: 
	CB13: – New Living Translation
Jason Baisch [Wed, 6 Apr 2016 06:49:34 -0400]: 
	CB1: “I have found a Friend in Jesus”
	H172: “A Mighty Fortress is Our God”
	CB1: “Hearken! A Narrow Way”
	CB3: “Jesus, Thou art our Salvation”
	CB3: “I am the Way”
Jason Baisch [Tue, 05 Apr 2016 17:28:46 +0000]: 
	CB13: – New Living Translation
Jason Baisch [Sat, 2 Apr 2016 09:28:57 -0400]: 
	CB3: “More like the Master”
	CB2: “Make me Purer”
	CB4: “I Praise God’s Love in Adoration” [Congregation]
	CB4: “Christ Liveth in Me”
	H89: “I want to be like Jesus”
	CB3: “I then shall live”
	CB2: “Come thou long expected Jesus”
	CB4: “Have Thine own way Lord”
	CB1: “More Holiness give me”
	CB1: “Before my Heart’s King Bowing”
	H70: “We Praise Thee Lord”
	CB3: “Shine, Jesus, Shine”
Jason Baisch [Sat, 2 Apr 2016 09:27:55 -0400]: 
	CB3: “More like the Master”
	CB2: “Make me Purer”
	CB4: “I Praise God’s Love in Adoration” [Congregation]
	CB4: “Christ Liveth in Me”
	H89: “I want to be like Jesus”
	CB3: “I then shall live”
	CB2: “Come thou long expected Jesus”
	CB4: “Have Thine own way Lord”
	CB1: “More Holiness give me”
	CB1: “Before my Heart’s King Bowing”
	H70: “We Praise Thee Lord”
	CB3: “Shine, Jesus, Shine”
Jason Baisch [Sat, 02 Apr 2016 04:37:58 +0000]: 
	CB1: More like the Master
	CB2: Make me purer
	H376: I praise God’s love in adoration
	CB4: Christ liveth in me
	C244: Come, Thou long expected Jesus
	H243: Have Thine own way, Lord
	H99: More holiness give me
Jason Baisch [Tue, 29 Mar 2016 18:09:12 +0000]: 
	CB13: – New Living Translation
Jason Baisch [Sat, 26 Mar 2016 23:08:31 +0000]: 
	CB1: See, what a morning OR Worship Christ, the risen King
	H514: ringing
	H506: Alleluia, alleluia! Hearts to heaven
	H92: In Christ alone
	H118: Your wisdom, Lord, awake in me
	H466: Holy Spirit, living Breath of God
Jason Baisch [Wed, 16 Mar 2016 16:08:37 -0400]: 
	H5: “Be Still, for the presence of the Lord”
	CB2: “O Holy Spirit, enter in”
	CB1: “Nearer, My God, to Thee”
	H329: “Jesus, What a Friend for Sinners”
	CB3: “Dear Lord, I give Completely”
Jason Baisch [Wed, 17 Feb 2016 08:33:25 -0500]: 
	CB3: “May the Mind of Christ, my Saviour”
	H329: “Jesus, What a Friend for Sinners”
	CB1: “Be Still, My Soul”
	CB2: “Whosoever Heareth”
	H376: “I Praise God’s Love in Adoration”
	CB3: “Star, to which I’m Looking”




Jason Baisch [Tue, 19 Jan 2016 23:48:23 -0500]: 
	CB2: “Adoration”
	H376: “I Praise God’s Love in Adoration”
	CB5: “May the Mind of Christ, my Saviour”
	CB3: “Take Time to be Holy”
	CB1: “Nearer, My God to Thee”
	H310: “Wonderful Words of Life”
	CB2: “Whosoever Heareth”

Jason Baisch [Tue, 19 Jan 2016 15:51:48 +0000]: 
	CB11: God the all powerful
	CB75: blessed assurance

Jason Baisch [Mon, 11 Jan 2016 15:27:15 +0000]: 
	CB13: – New Living Translation
	CB13: – New Living Translation
	CB13: – New Living Translation





Jason Baisch [Fri, 8 Jan 2016 12:01:14 +0000]: 
	CB13: – New Living Translation
Jason Baisch [Sat, 2 Jan 2016 05:47:39 -0500]: 
	CB4: “Jesus will Keep Me”
	CB3: “Yield not to Temptation”
	CB4: “In Christ Alone”
	CB4: “Abide with Me”
	H205: “On Zion’s Mount of Radiant Light”
	CB5: “May the Mind of Christ, My Savior”
	CB2: “Forth, Forth, My Heart to Heaven”
	CB4: “Alleluia, alleluia! Hearts to Heaven”
	CB4: “What Joy ‘tis redeemed to be”
	H400: “When Peace with the Father”
	H66: “To God be the Glory”
Jason Baisch [Wed, 16 Dec 2015 22:26:31 +0000]: 
	CB4: “Angels from the Realms of Glory”
	H560: “Silent Night, Holy Night!”
	H529: “Zion's Daughter, O be Glad”
	CB2: “Hark! The Gospel Bells are Ringing”
	CB3: “Whosoever Heareth”
	H538: “Fairest Lord Jesus”
	CB4: “Angels from the Realms of Glory”

Jason Baisch [Wed, 16 Dec 2015 07:08:23 -0500]: 
	H560: “Silent Night, Holy Night!”
	H529: “Zion’s Daughter, O be Glad”
	CB2: “Hark! The Gospel Bells are Ringing”
	CB3: “Whosoever Heareth”
	H538: “Fairest Lord Jesus”
	CB2: “When He Cometh”
Jason Baisch [Mon, 30 Nov 2015 19:03:08 +0000]: 
	CB13: – New Living Translation


Jason Baisch [Wed, 18 Nov 2015 22:30:26 +0000]: 
	CB3: “Hark! Who's knocking o'er and o'er”
	H136: “Let Your Hearts Be Ever Joyful”
	CB3: “Blessed Jesus, at Thy Word”
	CB2: “Blest Be the Tie that Binds”
	CB5: “Break Thou the Bread of Life”
	H75: “Blessed Assurance”
	CB3: “Holy Spirit”
	CB3: “Hark! Who's knocking o'er and o'er”
	H431: “Wake, Arise, For Night is Flying”
	CB1: “Ascend to Zion's Highest”
	CB2: “Blest Be the Tie that Binds”
	CB5: “Break Thou the Bread of Life”
	H75: “Blessed Assurance”
	CB3: “Holy Spirit”
Jason Baisch [Wed, 18 Nov 2015 09:07:27 -0500]: 
	CB3: “Hark! Who’s knocking o’er and o’er”
	H431: “Wake, Arise, For Night is Flying”
	CB1: “Ascend to Zion’s Highest”
	CB2: “Blest Be the Tie that Binds”
	CB5: “Break Thou the Bread of Life”
	H75: “Blessed Assurance”
	CB3: “Holy Spirit”
Jason Baisch [Mon, 16 Nov 2015 15:44:36 +0000]: 
	CB13: – New Living Translation
Jason Baisch [Sat, 7 Nov 2015 23:52:46 +0000]: 
	C604: I then shall live
	H9: God is in our presence
	CB164: Follow the Lord, in His anointed
	CB261: The many mansions
	H94: Jesus, Thou are our salvation
	H220: Trust and obey
	H377: In Christ there is no east or west
	H585: Blest be the ties that bind
	H352: I’m reconciled by mercy
	H308: Whosoever heareth
	H425: The Bridegroom comes
{"mimeType": "text/plain", "headers": [{"name": "Return-Path", "value": "<jonathan.jawhite@gmail.com>"}, {"name": "Received", "value": "from 172.29.194.193 (bda-74-82-80-73.bis6.us.blackberry.com. [74.82.80.73])        by smtp.gmail.com with ESMTPSA id ql6sm2390493igc.15.2015.11.07.15.51.44        for <barbara.ann.schenk@gmail.com>        (version=TLSv1 cipher=RC4-SHA bits=128/128);        Sat, 07 Nov 2015 15:51:44 -0800 (PST)"}, {"name": "X-rim-org-msg-ref-id", "value": "182858571"}, {"name": "Message-ID", "value": "<182858571-1446940303-cardhu_decombobulator_blackberry.rim.net-2067119174-@b2.c1.bise6.blackberry>"}, {"name": "Reply-To", "value": "jonathan.jawhite@gmail.com"}, {"name": "X-Priority", "value": "Normal"}, {"name": "References", "value": "<1126272813-1446940275-cardhu_blackberry.rim.net-copy_sent_folder-1320319476-@b2.c1.bise6.blackberry>"}, {"name": "In-Reply-To", "value": "<1126272813-1446940275-cardhu_blackberry.rim.net-copy_sent_folder-1320319476-@b2.c1.bise6.blackberry>"}, {"name": "Sensitivity", "value": "Normal"}, {"name": "Importance", "value": "Normal"}, {"name": "Subject", "value": "Re: Tomorrow"}, {"name": "To", "value": "Barb Schenk <barbara.ann.schenk@gmail.com>"}, {"name": "From", "value": "Jonathan White <jonathan.jawhite@gmail.com>"}, {"name": "Date", "value": "Sat, 7 Nov 2015 23:51:41 +0000"}, {"name": "Content-Type", "value": "text/plain"}, {"name": "MIME-Version", "value": "1.0"}], "body": {"data": "T2ggLSBOZXZlciBtaW5kIC0gSSBzZWUgdGhlbS4gVGhhbmtzIQ0KDQp-Sm9uDQotLS0tLU9yaWdpbmFsIE1lc3NhZ2UtLS0tLQ0KRnJvbTogIkpvbmF0aGFuIFdoaXRlIiA8am9uYXRoYW4uamF3aGl0ZUBnbWFpbC5jb20-DQpEYXRlOiBTYXQsIDcgTm92IDIwMTUgMjM6NTE6MTMgDQpUbzogQmFyYiBTY2hlbms8YmFyYmFyYS5hbm4uc2NoZW5rQGdtYWlsLmNvbT4NClJlcGx5LVRvOiBqb25hdGhhbi5qYXdoaXRlQGdtYWlsLmNvbQ0KU3ViamVjdDogVG9tb3Jyb3cNCg0KSGV5IEJhcmIsDQoNCkp1c3QgbWFraW5nIHN1cmUgSSBkaWRuJ3QgbWlzcyB0aGUgc29uZ3MgZm9yIHRvbW9ycm93Lg0KDQpUaGFua3MhDQp-Sm9uDQoNCg==", "size": 355}, "partId": "", "filename": ""}
{"mimeType": "text/plain", "headers": [{"name": "Return-Path", "value": "<jonathan.jawhite@gmail.com>"}, {"name": "Received", "value": "from 172.29.194.193 (bda-74-82-80-73.bis6.us.blackberry.com. [74.82.80.73])        by smtp.gmail.com with ESMTPSA id ql6sm2390493igc.15.2015.11.07.15.51.44        for <barbara.ann.schenk@gmail.com>        (version=TLSv1 cipher=RC4-SHA bits=128/128);        Sat, 07 Nov 2015 15:51:44 -0800 (PST)"}, {"name": "X-rim-org-msg-ref-id", "value": "182858571"}, {"name": "Message-ID", "value": "<182858571-1446940303-cardhu_decombobulator_blackberry.rim.net-2067119174-@b2.c1.bise6.blackberry>"}, {"name": "Reply-To", "value": "jonathan.jawhite@gmail.com"}, {"name": "X-Priority", "value": "Normal"}, {"name": "References", "value": "<1126272813-1446940275-cardhu_blackberry.rim.net-copy_sent_folder-1320319476-@b2.c1.bise6.blackberry>"}, {"name": "In-Reply-To", "value": "<1126272813-1446940275-cardhu_blackberry.rim.net-copy_sent_folder-1320319476-@b2.c1.bise6.blackberry>"}, {"name": "Sensitivity", "value": "Normal"}, {"name": "Importance", "value": "Normal"}, {"name": "Subject", "value": "Re: Tomorrow"}, {"name": "To", "value": "Barb Schenk <barbara.ann.schenk@gmail.com>"}, {"name": "From", "value": "Jonathan White <jonathan.jawhite@gmail.com>"}, {"name": "Date", "value": "Sat, 7 Nov 2015 23:51:41 +0000"}, {"name": "Content-Type", "value": "text/plain"}, {"name": "MIME-Version", "value": "1.0"}], "body": {"data": "T2ggLSBOZXZlciBtaW5kIC0gSSBzZWUgdGhlbS4gVGhhbmtzIQ0KDQp-Sm9uDQotLS0tLU9yaWdpbmFsIE1lc3NhZ2UtLS0tLQ0KRnJvbTogIkpvbmF0aGFuIFdoaXRlIiA8am9uYXRoYW4uamF3aGl0ZUBnbWFpbC5jb20-DQpEYXRlOiBTYXQsIDcgTm92IDIwMTUgMjM6NTE6MTMgDQpUbzogQmFyYiBTY2hlbms8YmFyYmFyYS5hbm4uc2NoZW5rQGdtYWlsLmNvbT4NClJlcGx5LVRvOiBqb25hdGhhbi5qYXdoaXRlQGdtYWlsLmNvbQ0KU3ViamVjdDogVG9tb3Jyb3cNCg0KSGV5IEJhcmIsDQoNCkp1c3QgbWFraW5nIHN1cmUgSSBkaWRuJ3QgbWlzcyB0aGUgc29uZ3MgZm9yIHRvbW9ycm93Lg0KDQpUaGFua3MhDQp-Sm9uDQoNCg==", "size": 355}, "partId": "", "filename": ""}

{"mimeType": "text/plain", "headers": [{"name": "Return-Path", "value": "<jonathan.jawhite@gmail.com>"}, {"name": "Received", "value": "from 172.29.194.193 (bda-74-82-80-73.bis6.us.blackberry.com. [74.82.80.73])        by smtp.gmail.com with ESMTPSA id s22sm2965478ioi.18.2015.11.07.15.51.16        for <barbara.ann.schenk@gmail.com>        (version=TLSv1 cipher=RC4-SHA bits=128/128);        Sat, 07 Nov 2015 15:51:16 -0800 (PST)"}, {"name": "X-rim-org-msg-ref-id", "value": "1126272813"}, {"name": "Message-ID", "value": "<1126272813-1446940275-cardhu_decombobulator_blackberry.rim.net-605071886-@b2.c1.bise6.blackberry>"}, {"name": "Reply-To", "value": "jonathan.jawhite@gmail.com"}, {"name": "X-Priority", "value": "Normal"}, {"name": "Sensitivity", "value": "Normal"}, {"name": "Importance", "value": "Normal"}, {"name": "Subject", "value": "Tomorrow"}, {"name": "To", "value": "Barb Schenk <barbara.ann.schenk@gmail.com>"}, {"name": "From", "value": "Jonathan White <jonathan.jawhite@gmail.com>"}, {"name": "Date", "value": "Sat, 7 Nov 2015 23:51:13 +0000"}, {"name": "Content-Type", "value": "text/plain"}, {"name": "MIME-Version", "value": "1.0"}], "body": {"data": "SGV5IEJhcmIsDQoNCkp1c3QgbWFraW5nIHN1cmUgSSBkaWRuJ3QgbWlzcyB0aGUgc29uZ3MgZm9yIHRvbW9ycm93Lg0KDQpUaGFua3MhDQp-Sm9uDQoNCg==", "size": 88}, "partId": "", "filename": ""}
{"mimeType": "text/plain", "headers": [{"name": "Return-Path", "value": "<jonathan.jawhite@gmail.com>"}, {"name": "Received", "value": "from 172.29.194.193 (bda-74-82-80-73.bis6.us.blackberry.com. [74.82.80.73])        by smtp.gmail.com with ESMTPSA id s22sm2965478ioi.18.2015.11.07.15.51.16        for <barbara.ann.schenk@gmail.com>        (version=TLSv1 cipher=RC4-SHA bits=128/128);        Sat, 07 Nov 2015 15:51:16 -0800 (PST)"}, {"name": "X-rim-org-msg-ref-id", "value": "1126272813"}, {"name": "Message-ID", "value": "<1126272813-1446940275-cardhu_decombobulator_blackberry.rim.net-605071886-@b2.c1.bise6.blackberry>"}, {"name": "Reply-To", "value": "jonathan.jawhite@gmail.com"}, {"name": "X-Priority", "value": "Normal"}, {"name": "Sensitivity", "value": "Normal"}, {"name": "Importance", "value": "Normal"}, {"name": "Subject", "value": "Tomorrow"}, {"name": "To", "value": "Barb Schenk <barbara.ann.schenk@gmail.com>"}, {"name": "From", "value": "Jonathan White <jonathan.jawhite@gmail.com>"}, {"name": "Date", "value": "Sat, 7 Nov 2015 23:51:13 +0000"}, {"name": "Content-Type", "value": "text/plain"}, {"name": "MIME-Version", "value": "1.0"}], "body": {"data": "SGV5IEJhcmIsDQoNCkp1c3QgbWFraW5nIHN1cmUgSSBkaWRuJ3QgbWlzcyB0aGUgc29uZ3MgZm9yIHRvbW9ycm93Lg0KDQpUaGFua3MhDQp-Sm9uDQoNCg==", "size": 88}, "partId": "", "filename": ""}

Jason Baisch [Wed, 21 Oct 2015 17:31:03 -0400]: 
	CB4: “Behold, O How Pleasant”
	H235: “Be Thou my Vision”
	CB1: “Let There be Light”
	CB3: “Dear Lord, I Give Completely”
	CB1: “He Gave His Life”
	H70: “We Praise Thee, Lord”
	CB1: “Forever with the Lord”
Jason Baisch [Sun, 11 Oct 2015 03:57:18 +0000]: 
	H148: Rise, my soul, gird thee with power
	H186: I know whom I have believed
	H371: How blessed and glorious with Jesus
	H386: O love, the golden sunshine bright
	H66: To God be the glory
	H238: Dear Lord, I give completely
	H150: So much to learn remains for every soul
	H297: Hosanna, loud hosanna
	H376: I praise God's love in adoration
	H396: The love of God
	H425: The Bridegroom comes
Jason Baisch [Sat, 10 Oct 2015 23:00:12 +0000]: 
	H148: Rise, my soul, gird thee with power
	H186: I know whom I have believed
	H371: How blessed and glorious with Jesus
	H386: O love, the golden sunshine bright
	H66: To God be the glory
	H238: Dear Lord, I give completely
	H150: So much to learn remains for every soul
	H297: Hosanna, loud hosanna
	H376: I praise God's love in adoration
	H396: The love of God
	H425: The Bridegroom comes
Jason Baisch [Wed, 07 Oct 2015 21:13:08 +0000]: 
	CB315: , but it is out of stock for
Jason Baisch [Sun, 20 Sep 2015 13:46:03 +0000]: 
	H45: Let us sing with joyful voices
	H120: Arise and let us hasten
	CB31: I know of a dear little chapel
	CB153: Singing with grace to the Lord
	CB88: True hearted, whole hearted
	CB241: AT the living altar
	CB59: On rock that stands forever
	H147: Pass it on
	C605: Living for Jesus
	H308: Whosoever heareth
	H267: A Sparkling Stream
	H278: For you I am praying
Jason Baisch [Fri, 18 Sep 2015 20:38:54 +0000]: 
	H45: Let us sing with joyful voices
	H120: Arise and let us hasten
	CB31: I know of a dear little chapel
	CB153: Singing with grace to the Lord
	CB88: True hearted, whole hearted
	CB241: AT the living altar
	CB59: On rock that stands forever
	H147: Pass it on
	C605: Living for Jesus
	H308: Whosoever heareth
	H267: A Sparkling Stream
	H278: For you I am praying



Jason Baisch [Wed, 16 Sep 2015 15:29:19 -0400]: 
	H140: “Make me a Servant”
	H176: “Commit your Way, Confiding”
	CB1: “What a Friend we have in Jesus”
	CB2: “Sweet Hour of Prayer”
	CB3: “I Gave My Life for Thee”
	H102: “Oh, How I Love Jesus”
	CB4: “Rise, my Soul, Gird Thee with Power”
Jason Baisch [Wed, 26 Aug 2015 14:31:48 -0400]: 
	CB2: “Let there be Light”
	H9: “God is in our Presence”
	CB3: “Host and King of Grace”
	CB1: “Into Pastures Green and Fair”
	CB5: “Praise Thou the Lord”

Jason Baisch [Wed, 19 Aug 2015 22:37:36 +0000]: 
	H343: “Let us Break Bread Together”
	H172: “A Mighty Fortress is our God”
	CB3: “Be Thou my Vision”
	CB3: “Yield not to Temptation”
	CB3: “Just as I am”
	H11: “Got, the
	CB3: “We Gather Together”
Jason Baisch [Wed, 19 Aug 2015 15:00:04 -0400]: 
	H343: “Let us Break Bread Together”
	H172: “A Mighty Fortress is our God”
	CB3: “Be Thou my Vision”
	CB3: “Yield not to Temptation”
	CB3: “Just as I am”
	H11: “Got, the
	CB3: “We Gather Together”



Jason Baisch [Wed, 29 Jul 2015 17:00:59 -0400]: 
	H5: “Be Still, for the Presence of the Lord”
	H238: “Dear Lord, I give Completely”
	CB4: “God Wants in His Vineyard”
	H308: “Whosoever Heareth”
	CB2: “Bringing in the Sheaves”



Jason Baisch [Mon, 20 Jul 2015 16:08:07 +0000]: 
	H45: Let us sing with joyful voices
	H20: Joyful, Joyful we adore thee
	H89: I want to be like Jesus
	H356: Purest fount of love is flowing
	CB37: Make me purer
	CB16: Angry words! O let them never
	H45: Let us sing with joyful voices
	H20: Joyful, Joyful we adore thee
	H466: Holy Spirit
	C563: Open my eyes that I may see
	CB8: A heart like thine
	CB242: We shall remain united
	CB13: – New Living Translation
Jason Baisch [Wed, 15 Jul 2015 21:06:44 +0000]: 
	H215: “The Lord Knows All His People”
	H226: “What a Friend We have in Jesus”
	CB1: “Our God is True”
	CB1: “Hearken! A Narrow Way”
	CB3: Help the Humble”
	H289: “I Know of a River”
	CB4: “Take Thou My Hand and Lead Me”
	H215: “The Lord Knows All His People”
	H206: “Our God is True”
	CB3: “What a Friend We have in Jesus”
	CB1: “Hearken! A Narrow Way”
	CB3: Help the Humble”
	H289: “I Know of a River”
	CB4: “Take Thou My Hand and Lead Me”
Jason Baisch [Wed, 15 Jul 2015 21:04:21 +0000]: 
	H215: “The Lord Knows All His People”
	H206: “Our God is True”
	CB3: “What a Friend We have in Jesus”
	CB1: “Hearken! A Narrow Way”
	CB3: Help the Humble”
	H289: “I Know of a River”
	CB4: “Take Thou My Hand and Lead Me”
Jason Baisch [Wed, 15 Jul 2015 16:55:43 -0400]: 
	H215: “The Lord Knows All His People”
	H206: “Our God is True”
	CB3: “What a Friend We have in Jesus”
	CB1: “Hearken! A Narrow Way”
	CB3: Help the Humble”
	H289: “I Know of a River”
	CB4: “Take Thou My Hand and Lead Me”
Jason Baisch [Sun, 12 Jul 2015 10:06:16 +0000]: 
	CB13: – New Living Translation
Jason Baisch [Sun, 28 Jun 2015 13:39:41 +0000]: 
	CB4: “Jesus Paid it All”
	CB2: “Love Divine, all Loves Excelling”
	CB3: “Be Still, My Soul”
	H43: “Immortal, Invisible, God only Wise”
	CB2: “I am the Way”
	CB3: “Harken! A Narrow Way”
	CB3: “Abide with Me”
	CB3: “The Old Rugged Cross”
	H11: “God, the
	CB1: “Great is Thy Faithfulness”
	C305: “Jesus Paid it All” [New
	CB128: “How Can I Forget My Lord” [For Service for the Departed]
Jason Baisch [Sat, 27 Jun 2015 12:08:52 -0400]: 
	CB4: “Jesus Paid it All”
	CB2: “Love Divine, all Loves Excelling”
	CB3: “Be Still, My Soul”
	H43: “Immortal, Invisible, God only Wise”
	CB2: “I am the Way”
	CB3: “Harken! A Narrow Way”
	CB3: “Abide with Me”
	CB3: “The Old Rugged Cross”
	H11: “God, the
	CB1: “Great is Thy Faithfulness”
	C305: “Jesus Paid it All” [New
	CB128: “How Can I Forget My Lord” [For Service for the Departed]
Jason Baisch [Thu, 18 Jun 2015 14:04:27 +0000]: 
	CB3: “Oh, how I love Jesus”
	CB1: “Open Our Eyes”
	H34: “Come, Christians, Join to Sing”
	CB3: “Let us Sing with Joyful Voices”
	CB2: “Star, to which I'm Looking”
	CB3: “I've found a Place I Love so Well”
	H360: “What Joy 'tis Redeemed to Be”
	CB3: “I Send you Forth”
Jason Baisch [Wed, 17 Jun 2015 18:45:12 +0000]: 
	CB13: – New Living Translation
Jason Baisch [Wed, 17 Jun 2015 14:42:25 -0400]: 
	CB3: “Oh, how I love Jesus”
	CB1: “Open Our Eyes”
	H34: “Come, Christians, Join to Sing”
	CB3: “Let us Sing with Joyful Voices”
	CB2: “Star, to which I’m Looking”
	CB3: “I’ve found a Place I Love so Well”
	H360: “What Joy ‘tis Redeemed to Be”
	CB3: “I Send you Forth”

Jason Baisch [Fri, 29 May 2015 23:43:22 -0400]: 
	CB3: “While the Sun for Us Shines Brightly”
	CB2: “Of Service Be to Jesus”
	CB3: “Holy, Holy, Holy”
	CB5: “Mighty God, We Praise Thy Name”
	H472: “O Enter, Lord, Thy Temple”
	CB4: “Come, Thou Almighty King”
	CB1: “All the Way my Savior Leads Me”
	CB4: “God, Our Father, We Adore Thee”
	CB2: “God is Offering Through the Saviour”
	H244: “Here is my Heart”
	CB2: “Lord, Perfect Us”
	H144: “Of Service be to Jesus”
	H6: “Come Thou Almighty King”
	CB75: “Lord, Perfect Us”
	C93: “God, Our Father, We Adore Thee”
	C680: "All the Way my Savior Leads Me"

Jason Baisch [Mon, 18 May 2015 02:48:07 +0000]: 
	CB13: – New Living Translation



Jason Baisch [Sun, 17 May 2015 00:38:03 +0000]: 
	CB13: – New Living Translation

Jason Baisch [Sat, 16 May 2015 15:51:28 +0000]: 
	H147: Pass it on
	H70: We praise thee Lord
	H272: Christ whose glory fills the skies
	H133: Here I am Lord
	H104: Praise, I will praise you, Lord
	CB150: Awesome power
	CB633: Open our eyes, Lord
	H176: Commit your way, confiding
	H276: Come to the Savior
	H92: In Christ alone
	CB589: Here I am Lord
	CB555: To be like Jesus
	CB349: Oh how he loves you
	CB456: Find us faithful
	CB583: You are my all in all
	H274: Come near you are invited
	H371: How blessed and glorious with Jesus
	H307: Welcome to the fount of mercy
	CB755: We shall behold Him
	CB542: My life is in you, Lord
	CB32: Be exalted, O God
	H62: Thank ye the Lord
Jason Baisch [Sat, 16 May 2015 14:15:33 +0000]: 
	H147: Pass it on
	H70: We praise thee Lord
	H272: Christ whose glory fills the skies
	H133: Here I am Lord
	H104: Praise, I will praise you, Lord
	CB150: Awesome power
	CB633: Open our eyes, Lord
	H176: Commit your way, confiding
	H276: Come to the Savior
	H92: In Christ alone
	CB589: Here I am Lord
	CB555: To be like Jesus
	CB349: Oh how he loves you
	CB456: Find us faithful
	CB583: You are my all in all
	H274: Come near you are invited
	H371: How blessed and glorious with Jesus
	H307: Welcome to the fount of mercy
	CB755: We shall behold Him
	CB542: My life is in you, Lord
	CB32: Be exalted, O God
	H62: Thank ye the Lord

Jason Baisch [Sat, 9 May 2015 18:59:13 -0400]: 
	CB3: “Glorify Thy Name”
	CB2: “Worthy of Worship”
	CB3: “The Father’s House is our Delight”
	CB4: “Breathe Upon Us Holy Spirit”
	H21: “O God Beyond all Praising”
	CB2: “As the Deer”
	CB4: “Be Thou my Vision”
	CB2: “Arise and Let us Hasten”
	CB3: “I Praise God’s Love in Adoration”
	H400: “When Peace with the Father”
	CB3: “Praise, I will Praise You, Lord”
	CB2: “As the Deer” [Psalm
	CB2: “Worthy of Worship” [By Terry York
	CB1: “Glorify Thy Name”
	CB4: “Be Thou my Vision”
{"mimeType": "text/html", "headers": [{"name": "From", "value": "Jonathan White <jonathan.jawhite@gmail.com>"}], "body": {"data": "SSBoYXZlIG1lIGRpcmVjdGluZyBhbmQgeW91IHBsYXlpbmcuIExldCBtZSBrbm93IGlmIHRoYXQgd29ya3MuIEkmIzM5O2xsIGhhdmUgdGhlIHNvbmdzIG91dCB0aGlzIGFmdGVybm9vbiBhbmQgc2hvdWxkIGJlIGFibGUgdG8gZmluaXNoIHRoZSBzY2hlZHVsZSBieSB0b25pZ2h0LiAtLS0tLS1PcmlnaW5hbCBNZXNzYWdlLS0tLS0tIEZyb206IEJhcmIgU2NoZW5rIChTTVMpIFRvOiBKb25hdGhhbiBXaGl0ZSBTdWJqZWN0OiBTTVMgZnJvbSBCYXJiIFNjaGVuayBbKDkxNCkgNDM5LTYyNzBdIFNlbnQ6IE1heSA5LCAyMDE1IDM6MTEgUE0=", "size": 305}, "partId": "", "filename": ""}
{"mimeType": "text/html", "headers": [{"name": "From", "value": "Jonathan White <jonathan.jawhite@gmail.com>"}], "body": {"data": "SSBoYXZlIG1lIGRpcmVjdGluZyBhbmQgeW91IHBsYXlpbmcuIExldCBtZSBrbm93IGlmIHRoYXQgd29ya3MuIEkmIzM5O2xsIGhhdmUgdGhlIHNvbmdzIG91dCB0aGlzIGFmdGVybm9vbiBhbmQgc2hvdWxkIGJlIGFibGUgdG8gZmluaXNoIHRoZSBzY2hlZHVsZSBieSB0b25pZ2h0LiAtLS0tLS1PcmlnaW5hbCBNZXNzYWdlLS0tLS0tIEZyb206IEJhcmIgU2NoZW5rIChTTVMpIFRvOiBKb25hdGhhbiBXaGl0ZSBTdWJqZWN0OiBTTVMgZnJvbSBCYXJiIFNjaGVuayBbKDkxNCkgNDM5LTYyNzBdIFNlbnQ6IE1heSA5LCAyMDE1IDM6MTEgUE0=", "size": 305}, "partId": "", "filename": ""}

{"mimeType": "text/plain", "headers": [{"name": "Return-Path", "value": "<jonathan.jawhite@gmail.com>"}, {"name": "Received", "value": "from 172.29.197.178 (bda-74-82-80-239.bis6.us.blackberry.com. [74.82.80.239])        by mx.google.com with ESMTPSA id qs10sm2388838igb.14.2015.05.09.12.18.22        for <12033644290.19144396270.ZRDS7hdVcr@txt.voice.google.com>        (version=TLSv1 cipher=RC4-SHA bits=128/128);        Sat, 09 May 2015 12:18:22 -0700 (PDT)"}, {"name": "X-rim-org-msg-ref-id", "value": "185280887"}, {"name": "Message-ID", "value": "<185280887-1431199101-cardhu_decombobulator_blackberry.rim.net-357130267-@b16.c4.bise6.blackberry>"}, {"name": "Reply-To", "value": "jonathan.jawhite@gmail.com"}, {"name": "X-Priority", "value": "Normal"}, {"name": "Sensitivity", "value": "Normal"}, {"name": "Importance", "value": "Normal"}, {"name": "Subject", "value": "Re: SMS from Barb Schenk [(914) 439-6270]"}, {"name": "To", "value": "\"Barb Schenk (SMS)\" <12033644290.19144396270.ZRDS7hdVcr@txt.voice.google.com>"}, {"name": "From", "value": "Jonathan White <jonathan.jawhite@gmail.com>"}, {"name": "Date", "value": "Sat, 9 May 2015 19:18:21 +0000"}, {"name": "Content-Type", "value": "text/plain"}, {"name": "MIME-Version", "value": "1.0"}], "body": {"data": "SSBoYXZlIG1lIGRpcmVjdGluZyBhbmQgeW91IHBsYXlpbmcuIExldCBtZSBrbm93IGlmIHRoYXQgd29ya3MuIEknbGwgaGF2ZSB0aGUgc29uZ3Mgb3V0IHRoaXMgYWZ0ZXJub29uIGFuZCBzaG91bGQgYmUgYWJsZSB0byBmaW5pc2ggdGhlIHNjaGVkdWxlIGJ5IHRvbmlnaHQuDQotLS0tLS1PcmlnaW5hbCBNZXNzYWdlLS0tLS0tDQpGcm9tOiBCYXJiIFNjaGVuayAoU01TKQ0KVG86IEpvbmF0aGFuIFdoaXRlDQpTdWJqZWN0OiBTTVMgZnJvbSBCYXJiIFNjaGVuayBbKDkxNCkgNDM5LTYyNzBdDQpTZW50OiBNYXkgOSwgMjAxNSAzOjExIFBNDQoNCmhpIGpvbiAtIGNhbiB1IHBscyBsZXQgbmUga25vdyB3aG8gaXMgZGlyZWN0aW5nIGFuZCBwbGF5aW5nIHRvbW9ycm93PyAgIA0KdGh4ISAgYmFyYg0KDQoNCg==", "size": 400}, "partId": "", "filename": ""}
{"mimeType": "text/plain", "headers": [{"name": "Return-Path", "value": "<jonathan.jawhite@gmail.com>"}, {"name": "Received", "value": "from 172.29.197.178 (bda-74-82-80-239.bis6.us.blackberry.com. [74.82.80.239])        by mx.google.com with ESMTPSA id qs10sm2388838igb.14.2015.05.09.12.18.22        for <12033644290.19144396270.ZRDS7hdVcr@txt.voice.google.com>        (version=TLSv1 cipher=RC4-SHA bits=128/128);        Sat, 09 May 2015 12:18:22 -0700 (PDT)"}, {"name": "X-rim-org-msg-ref-id", "value": "185280887"}, {"name": "Message-ID", "value": "<185280887-1431199101-cardhu_decombobulator_blackberry.rim.net-357130267-@b16.c4.bise6.blackberry>"}, {"name": "Reply-To", "value": "jonathan.jawhite@gmail.com"}, {"name": "X-Priority", "value": "Normal"}, {"name": "Sensitivity", "value": "Normal"}, {"name": "Importance", "value": "Normal"}, {"name": "Subject", "value": "Re: SMS from Barb Schenk [(914) 439-6270]"}, {"name": "To", "value": "\"Barb Schenk (SMS)\" <12033644290.19144396270.ZRDS7hdVcr@txt.voice.google.com>"}, {"name": "From", "value": "Jonathan White <jonathan.jawhite@gmail.com>"}, {"name": "Date", "value": "Sat, 9 May 2015 19:18:21 +0000"}, {"name": "Content-Type", "value": "text/plain"}, {"name": "MIME-Version", "value": "1.0"}], "body": {"data": "SSBoYXZlIG1lIGRpcmVjdGluZyBhbmQgeW91IHBsYXlpbmcuIExldCBtZSBrbm93IGlmIHRoYXQgd29ya3MuIEknbGwgaGF2ZSB0aGUgc29uZ3Mgb3V0IHRoaXMgYWZ0ZXJub29uIGFuZCBzaG91bGQgYmUgYWJsZSB0byBmaW5pc2ggdGhlIHNjaGVkdWxlIGJ5IHRvbmlnaHQuDQotLS0tLS1PcmlnaW5hbCBNZXNzYWdlLS0tLS0tDQpGcm9tOiBCYXJiIFNjaGVuayAoU01TKQ0KVG86IEpvbmF0aGFuIFdoaXRlDQpTdWJqZWN0OiBTTVMgZnJvbSBCYXJiIFNjaGVuayBbKDkxNCkgNDM5LTYyNzBdDQpTZW50OiBNYXkgOSwgMjAxNSAzOjExIFBNDQoNCmhpIGpvbiAtIGNhbiB1IHBscyBsZXQgbmUga25vdyB3aG8gaXMgZGlyZWN0aW5nIGFuZCBwbGF5aW5nIHRvbW9ycm93PyAgIA0KdGh4ISAgYmFyYg0KDQoNCg==", "size": 400}, "partId": "", "filename": ""}




Jason Baisch [Sun, 26 Apr 2015 21:10:37 +0000]: 
	C410: Standing on the promises
	C624: His eye is on the sparrow
	C620: Under His wings
	C712: Be still, my soul
	CB7: Fear not, O little flock
	H127: Give me joy in my heart
	H198: Light after darkness
	H416: No night there
	CB172: My God and my All
	H331: O boundless joy, there is salvation!
	H192: I've found a joy in sorrow
	CB197: Our hearts sing with joy
Jason Baisch [Wed, 22 Apr 2015 17:15:03 -0400]: 
	H241: Help the Humble”
	CB2: “Safe in the Arms of Jesus”
	CB2: “I am the Way”
	CB2: “Come, for the Feast is Spread”
	H360: “What Joy ‘tis Redeemed to Be”
	CB3: “Jesus, Shall our Watchword Be”
Jason Baisch [Mon, 20 Apr 2015 22:05:29 +0000]: 
	CB2: “Jesus, My Savior”
	CB4: “Let Your Hearts Be Ever Joyful”
	CB4: “O Boundless Joy, There is Salvation”
	CB3: “Be Still, My Soul”
	H92: “In Christ Alone”
	CB2: “Come Thou Fount of Every Blessing”
	CB4: “Just as God Leads Me”
	CB3: “I Hear Thy Welcome Voice”
	CB2: “Just as I am”
	H371: “How Blessed and Glorious with Jesus”
	CB4: “Rejoice, the Lord is King”
	H312: “Come Thou Fount of Every Blessing”
	H517: “Rejoice, the Lord is King”
	H247: “Just as God Leads Me”
	H174: “Be Still, My Soul”
	CB203: "Jesus My Savior"
	H318: “I Hear Thy Welcome Voice”
	CB13: – New Living Translation
Jason Baisch [Mon, 20 Apr 2015 19:23:40 +0000]: 
	CB2: “Jesus, My Savior”
	CB4: “Let Your Hearts Be Ever Joyful”
	CB4: “O Boundless Joy, There is Salvation”
	CB3: “Be Still, My Soul”
	H92: “In Christ Alone”
	CB2: “Come Thou Fount of Every Blessing”
	CB4: “Just as God Leads Me”
	CB3: “I Hear Thy Welcome Voice”
	CB2: “Just as I am”
	H371: “How Blessed and Glorious with Jesus”
	CB4: “Rejoice, the Lord is King”
	H312: “Come Thou Fount of Every Blessing”
	H517: “Rejoice, the Lord is King”
	H247: “Just as God Leads Me”
	H174: “Be Still, My Soul”
	CB203: "Jesus My Savior"
	H318: “I Hear Thy Welcome Voice”
	CB13: – New Living Translation
Jason Baisch [Sun, 19 Apr 2015 03:47:56 +0000]: 
	CB2: “Jesus, My Savior”
	CB4: “Let Your Hearts Be Ever Joyful”
	CB4: “O Boundless Joy, There is Salvation”
	CB3: “Be Still, My Soul”
	H92: “In Christ Alone”
	CB2: “Come Thou Fount of Every Blessing”
	CB4: “Just as God Leads Me”
	CB3: “I Hear Thy Welcome Voice”
	CB2: “Just as I am”
	H371: “How Blessed and Glorious with Jesus”
	CB4: “Rejoice, the Lord is King”
	H312: “Come Thou Fount of Every Blessing”
	H517: “Rejoice, the Lord is King”
	H247: “Just as God Leads Me”
	H174: “Be Still, My Soul”
	CB203: "Jesus My Savior"
	H318: “I Hear Thy Welcome Voice”
	CB13: – New Living Translation
Jason Baisch [Sun, 19 Apr 2015 03:46:46 +0000]: 
	CB2: “Jesus, My Savior”
	CB4: “Let Your Hearts Be Ever Joyful”
	CB4: “O Boundless Joy, There is Salvation”
	CB3: “Be Still, My Soul”
	H92: “In Christ Alone”
	CB2: “Come Thou Fount of Every Blessing”
	CB4: “Just as God Leads Me”
	CB3: “I Hear Thy Welcome Voice”
	CB2: “Just as I am”
	H371: “How Blessed and Glorious with Jesus”
	CB4: “Rejoice, the Lord is King”
	H312: “Come Thou Fount of Every Blessing”
	H517: “Rejoice, the Lord is King”
	H247: “Just as God Leads Me”
	H174: “Be Still, My Soul”
	CB203: "Jesus My Savior"
	H318: “I Hear Thy Welcome Voice”
Jason Baisch [Sat, 18 Apr 2015 19:52:20 -0400]: 
	CB2: “Jesus, My Savior”
	CB4: “Let Your Hearts Be Ever Joyful”
	CB4: “O Boundless Joy, There is Salvation”
	CB3: “Be Still, My Soul”
	H92: “In Christ Alone”
	CB2: “Come Thou Fount of Every Blessing”
	CB4: “Just as God Leads Me”
	CB3: “I Hear Thy Welcome Voice”
	CB2: “Just as I am”
	H371: “How Blessed and Glorious with Jesus”
	CB4: “Rejoice, the Lord is King”
	H312: “Come Thou Fount of Every Blessing”
	H517: “Rejoice, the Lord is King”
	H247: “Just as God Leads Me”
	H174: “Be Still, My Soul”
	CB203: "Jesus My Savior"
	H318: “I Hear Thy Welcome Voice”
